Determining if the pthread_create exist failed with the following output:
Change Dir: /home/self/Saxxophone_500/build_isolated/twist_to_ackermann/CMakeFiles/CMakeTmp

Run Build Command:"/usr/bin/make" "cmTC_0d10e/fast"
/usr/bin/make -f CMakeFiles/cmTC_0d10e.dir/build.make CMakeFiles/cmTC_0d10e.dir/build
make[1]: Entering directory '/home/self/Saxxophone_500/build_isolated/twist_to_ackermann/CMakeFiles/CMakeTmp'
Building C object CMakeFiles/cmTC_0d10e.dir/CheckSymbolExists.c.o
/usr/bin/cc    -o CMakeFiles/cmTC_0d10e.dir/CheckSymbolExists.c.o   -c /home/self/Saxxophone_500/build_isolated/twist_to_ackermann/CMakeFiles/CMakeTmp/CheckSymbolExists.c
Linking C executable cmTC_0d10e
/usr/bin/cmake -E cmake_link_script CMakeFiles/cmTC_0d10e.dir/link.txt --verbose=1
/usr/bin/cc      -rdynamic CMakeFiles/cmTC_0d10e.dir/CheckSymbolExists.c.o  -o cmTC_0d10e 
CMakeFiles/cmTC_0d10e.dir/CheckSymbolExists.c.o: In function `main':
CheckSymbolExists.c:(.text+0x14): undefined reference to `pthread_create'
CheckSymbolExists.c:(.text+0x18): undefined reference to `pthread_create'
collect2: error: ld returned 1 exit status
CMakeFiles/cmTC_0d10e.dir/build.make:97: recipe for target 'cmTC_0d10e' failed
make[1]: *** [cmTC_0d10e] Error 1
make[1]: Leaving directory '/home/self/Saxxophone_500/build_isolated/twist_to_ackermann/CMakeFiles/CMakeTmp'
Makefile:126: recipe for target 'cmTC_0d10e/fast' failed
make: *** [cmTC_0d10e/fast] Error 2

File /home/self/Saxxophone_500/build_isolated/twist_to_ackermann/CMakeFiles/CMakeTmp/CheckSymbolExists.c:
/* */
#include <pthread.h>

int main(int argc, char** argv)
{
  (void)argv;
#ifndef pthread_create
  return ((int*)(&pthread_create))[argc];
#else
  (void)argc;
  return 0;
#endif
}

Determining if the function pthread_create exists in the pthreads failed with the following output:
Change Dir: /home/self/Saxxophone_500/build_isolated/twist_to_ackermann/CMakeFiles/CMakeTmp

Run Build Command:"/usr/bin/make" "cmTC_07daa/fast"
/usr/bin/make -f CMakeFiles/cmTC_07daa.dir/build.make CMakeFiles/cmTC_07daa.dir/build
make[1]: Entering directory '/home/self/Saxxophone_500/build_isolated/twist_to_ackermann/CMakeFiles/CMakeTmp'
Building C object CMakeFiles/cmTC_07daa.dir/CheckFunctionExists.c.o
/usr/bin/cc   -DCHECK_FUNCTION_EXISTS=pthread_create   -o CMakeFiles/cmTC_07daa.dir/CheckFunctionExists.c.o   -c /usr/share/cmake-3.10/Modules/CheckFunctionExists.c
Linking C executable cmTC_07daa
/usr/bin/cmake -E cmake_link_script CMakeFiles/cmTC_07daa.dir/link.txt --verbose=1
/usr/bin/cc  -DCHECK_FUNCTION_EXISTS=pthread_create    -rdynamic CMakeFiles/cmTC_07daa.dir/CheckFunctionExists.c.o  -o cmTC_07daa -lpthreads 
/usr/bin/ld: cannot find -lpthreads
collect2: error: ld returned 1 exit status
CMakeFiles/cmTC_07daa.dir/build.make:97: recipe for target 'cmTC_07daa' failed
make[1]: *** [cmTC_07daa] Error 1
make[1]: Leaving directory '/home/self/Saxxophone_500/build_isolated/twist_to_ackermann/CMakeFiles/CMakeTmp'
Makefile:126: recipe for target 'cmTC_07daa/fast' failed
make: *** [cmTC_07daa/fast] Error 2


