Determining if the pthread_create exist failed with the following output:
Change Dir: /home/self/Saxxophone_500/build_isolated/cartographer_ros_msgs/CMakeFiles/CMakeTmp

Run Build Command:"/usr/bin/make" "cmTC_b0c19/fast"
/usr/bin/make -f CMakeFiles/cmTC_b0c19.dir/build.make CMakeFiles/cmTC_b0c19.dir/build
make[1]: Entering directory '/home/self/Saxxophone_500/build_isolated/cartographer_ros_msgs/CMakeFiles/CMakeTmp'
Building C object CMakeFiles/cmTC_b0c19.dir/CheckSymbolExists.c.o
/usr/bin/cc    -o CMakeFiles/cmTC_b0c19.dir/CheckSymbolExists.c.o   -c /home/self/Saxxophone_500/build_isolated/cartographer_ros_msgs/CMakeFiles/CMakeTmp/CheckSymbolExists.c
Linking C executable cmTC_b0c19
/usr/bin/cmake -E cmake_link_script CMakeFiles/cmTC_b0c19.dir/link.txt --verbose=1
/usr/bin/cc      -rdynamic CMakeFiles/cmTC_b0c19.dir/CheckSymbolExists.c.o  -o cmTC_b0c19 
CMakeFiles/cmTC_b0c19.dir/CheckSymbolExists.c.o: In function `main':
CheckSymbolExists.c:(.text+0x14): undefined reference to `pthread_create'
CheckSymbolExists.c:(.text+0x18): undefined reference to `pthread_create'
collect2: error: ld returned 1 exit status
CMakeFiles/cmTC_b0c19.dir/build.make:97: recipe for target 'cmTC_b0c19' failed
make[1]: *** [cmTC_b0c19] Error 1
make[1]: Leaving directory '/home/self/Saxxophone_500/build_isolated/cartographer_ros_msgs/CMakeFiles/CMakeTmp'
Makefile:126: recipe for target 'cmTC_b0c19/fast' failed
make: *** [cmTC_b0c19/fast] Error 2

File /home/self/Saxxophone_500/build_isolated/cartographer_ros_msgs/CMakeFiles/CMakeTmp/CheckSymbolExists.c:
/* */
#include <pthread.h>

int main(int argc, char** argv)
{
  (void)argv;
#ifndef pthread_create
  return ((int*)(&pthread_create))[argc];
#else
  (void)argc;
  return 0;
#endif
}

Determining if the function pthread_create exists in the pthreads failed with the following output:
Change Dir: /home/self/Saxxophone_500/build_isolated/cartographer_ros_msgs/CMakeFiles/CMakeTmp

Run Build Command:"/usr/bin/make" "cmTC_de6c0/fast"
/usr/bin/make -f CMakeFiles/cmTC_de6c0.dir/build.make CMakeFiles/cmTC_de6c0.dir/build
make[1]: Entering directory '/home/self/Saxxophone_500/build_isolated/cartographer_ros_msgs/CMakeFiles/CMakeTmp'
Building C object CMakeFiles/cmTC_de6c0.dir/CheckFunctionExists.c.o
/usr/bin/cc   -DCHECK_FUNCTION_EXISTS=pthread_create   -o CMakeFiles/cmTC_de6c0.dir/CheckFunctionExists.c.o   -c /usr/share/cmake-3.10/Modules/CheckFunctionExists.c
Linking C executable cmTC_de6c0
/usr/bin/cmake -E cmake_link_script CMakeFiles/cmTC_de6c0.dir/link.txt --verbose=1
/usr/bin/cc  -DCHECK_FUNCTION_EXISTS=pthread_create    -rdynamic CMakeFiles/cmTC_de6c0.dir/CheckFunctionExists.c.o  -o cmTC_de6c0 -lpthreads 
/usr/bin/ld: cannot find -lpthreads
collect2: error: ld returned 1 exit status
CMakeFiles/cmTC_de6c0.dir/build.make:97: recipe for target 'cmTC_de6c0' failed
make[1]: *** [cmTC_de6c0] Error 1
make[1]: Leaving directory '/home/self/Saxxophone_500/build_isolated/cartographer_ros_msgs/CMakeFiles/CMakeTmp'
Makefile:126: recipe for target 'cmTC_de6c0/fast' failed
make: *** [cmTC_de6c0/fast] Error 2


