Determining if the pthread_create exist failed with the following output:
Change Dir: /home/self/Saxxophone_500/build_isolated/ackermann_encoder_odometry/CMakeFiles/CMakeTmp

Run Build Command:"/usr/bin/make" "cmTC_e3e40/fast"
/usr/bin/make -f CMakeFiles/cmTC_e3e40.dir/build.make CMakeFiles/cmTC_e3e40.dir/build
make[1]: Entering directory '/home/self/Saxxophone_500/build_isolated/ackermann_encoder_odometry/CMakeFiles/CMakeTmp'
Building C object CMakeFiles/cmTC_e3e40.dir/CheckSymbolExists.c.o
/usr/bin/cc    -o CMakeFiles/cmTC_e3e40.dir/CheckSymbolExists.c.o   -c /home/self/Saxxophone_500/build_isolated/ackermann_encoder_odometry/CMakeFiles/CMakeTmp/CheckSymbolExists.c
Linking C executable cmTC_e3e40
/usr/bin/cmake -E cmake_link_script CMakeFiles/cmTC_e3e40.dir/link.txt --verbose=1
/usr/bin/cc      -rdynamic CMakeFiles/cmTC_e3e40.dir/CheckSymbolExists.c.o  -o cmTC_e3e40 
CMakeFiles/cmTC_e3e40.dir/CheckSymbolExists.c.o: In function `main':
CheckSymbolExists.c:(.text+0x14): undefined reference to `pthread_create'
CheckSymbolExists.c:(.text+0x18): undefined reference to `pthread_create'
collect2: error: ld returned 1 exit status
CMakeFiles/cmTC_e3e40.dir/build.make:97: recipe for target 'cmTC_e3e40' failed
make[1]: *** [cmTC_e3e40] Error 1
make[1]: Leaving directory '/home/self/Saxxophone_500/build_isolated/ackermann_encoder_odometry/CMakeFiles/CMakeTmp'
Makefile:126: recipe for target 'cmTC_e3e40/fast' failed
make: *** [cmTC_e3e40/fast] Error 2

File /home/self/Saxxophone_500/build_isolated/ackermann_encoder_odometry/CMakeFiles/CMakeTmp/CheckSymbolExists.c:
/* */
#include <pthread.h>

int main(int argc, char** argv)
{
  (void)argv;
#ifndef pthread_create
  return ((int*)(&pthread_create))[argc];
#else
  (void)argc;
  return 0;
#endif
}

Determining if the function pthread_create exists in the pthreads failed with the following output:
Change Dir: /home/self/Saxxophone_500/build_isolated/ackermann_encoder_odometry/CMakeFiles/CMakeTmp

Run Build Command:"/usr/bin/make" "cmTC_1d7ba/fast"
/usr/bin/make -f CMakeFiles/cmTC_1d7ba.dir/build.make CMakeFiles/cmTC_1d7ba.dir/build
make[1]: Entering directory '/home/self/Saxxophone_500/build_isolated/ackermann_encoder_odometry/CMakeFiles/CMakeTmp'
Building C object CMakeFiles/cmTC_1d7ba.dir/CheckFunctionExists.c.o
/usr/bin/cc   -DCHECK_FUNCTION_EXISTS=pthread_create   -o CMakeFiles/cmTC_1d7ba.dir/CheckFunctionExists.c.o   -c /usr/share/cmake-3.10/Modules/CheckFunctionExists.c
Linking C executable cmTC_1d7ba
/usr/bin/cmake -E cmake_link_script CMakeFiles/cmTC_1d7ba.dir/link.txt --verbose=1
/usr/bin/cc  -DCHECK_FUNCTION_EXISTS=pthread_create    -rdynamic CMakeFiles/cmTC_1d7ba.dir/CheckFunctionExists.c.o  -o cmTC_1d7ba -lpthreads 
/usr/bin/ld: cannot find -lpthreads
collect2: error: ld returned 1 exit status
CMakeFiles/cmTC_1d7ba.dir/build.make:97: recipe for target 'cmTC_1d7ba' failed
make[1]: *** [cmTC_1d7ba] Error 1
make[1]: Leaving directory '/home/self/Saxxophone_500/build_isolated/ackermann_encoder_odometry/CMakeFiles/CMakeTmp'
Makefile:126: recipe for target 'cmTC_1d7ba/fast' failed
make: *** [cmTC_1d7ba/fast] Error 2


